<?xml version="1.0" encoding="UTF-8"?>
<coverage generated="1735123751760" clover="3.2.0">
  <project timestamp="1735123751760" name="All files">
    <metrics statements="2" coveredstatements="2" conditionals="0" coveredconditionals="0" methods="1" coveredmethods="1" elements="3" coveredelements="3" complexity="0" loc="2" ncloc="2" packages="2" files="2" classes="2"/>
    <package name="components">
      <metrics statements="1" coveredstatements="1" conditionals="0" coveredconditionals="0" methods="1" coveredmethods="1"/>
      <file name="AppTitle.tsx" path="D:\2024\udacity-react-course\polly\src\components\AppTitle.tsx">
        <metrics statements="1" coveredstatements="1" conditionals="0" coveredconditionals="0" methods="1" coveredmethods="1"/>
        <line num="8" count="5" type="stmt"/>
      </file>
    </package>
    <package name="shared">
      <metrics statements="1" coveredstatements="1" conditionals="0" coveredconditionals="0" methods="0" coveredmethods="0"/>
      <file name="config.ts" path="D:\2024\udacity-react-course\polly\src\shared\config.ts">
        <metrics statements="1" coveredstatements="1" conditionals="0" coveredconditionals="0" methods="0" coveredmethods="0"/>
        <line num="1" count="1" type="stmt"/>
      </file>
    </package>
  </project>
</coverage>
