{"D:\\2024\\udacity-react-course\\polly\\src\\components\\AppTitle.tsx": {"path":"D:\\2024\\udacity-react-course\\polly\\src\\components\\AppTitle.tsx","statementMap":{"0":{"start":{"line":8,"column":1},"end":{"line":12,"column":2}}},"fnMap":{"0":{"name":"AppTitle","decl":{"start":{"line":7,"column":16},"end":{"line":7,"column":24}},"loc":{"start":{"line":7,"column":27},"end":{"line":13,"column":1}},"line":7}},"branchMap":{},"s":{"0":5},"f":{"0":5},"b":{},"_coverageSchema":"1a1c01bbd47fc00a2c39e90264f33305004495a9","hash":"7ecc6e202563daa6a1c2241b37aa754fae2f7615"}
,"D:\\2024\\udacity-react-course\\polly\\src\\shared\\config.ts": {"path":"D:\\2024\\udacity-react-course\\polly\\src\\shared\\config.ts","statementMap":{"0":{"start":{"line":1,"column":25},"end":{"line":3,"column":10}}},"fnMap":{},"branchMap":{},"s":{"0":1},"f":{},"b":{},"_coverageSchema":"1a1c01bbd47fc00a2c39e90264f33305004495a9","hash":"01996cd325883331cc3fac5bd2aaa6a93a085496"}
}
